Copyright 1986-2021 Xilinx, Inc. All Rights Reserved.
------------------------------------------------------------------------------------------------------------------
| Tool Version : Vivado v.2021.2 (lin64) Build 3367213 Tue Oct 19 02:47:39 MDT 2021
| Date         : Tue Apr 23 14:54:47 2024
| Host         : 7ca2124810b8 running 64-bit unknown
| Command      : report_drc -file logicnet_drc_routed.rpt -pb logicnet_drc_routed.pb -rpx logicnet_drc_routed.rpx
| Design       : logicnet
| Device       : xcu280-fsvh2892-2L-e
| Speed File   : -2L
| Design State : Fully Routed
------------------------------------------------------------------------------------------------------------------

Report DRC

Table of Contents
-----------------
1. REPORT SUMMARY
2. REPORT DETAILS

1. REPORT SUMMARY
-----------------
            Netlist: netlist
          Floorplan: design_1
      Design limits: <entire design considered>
           Ruledeck: default
             Max violations: <unlimited>
             Violations found: 1
+-----------+----------+-------------------+------------+
| Rule      | Severity | Description       | Violations |
+-----------+----------+-------------------+------------+
| RTSTAT-10 | Warning  | No routable loads | 1          |
+-----------+----------+-------------------+------------+

2. REPORT DETAILS
-----------------
RTSTAT-10#1 Warning
No routable loads  
35 net(s) have no routable loads. The problem bus(es) and/or net(s) are layer2_inst/layer2_N0_inst/M3[1:0], layer2_inst/layer2_N10_inst/M3[1:0],
layer2_inst/layer2_N11_inst/M3[1:0], layer2_inst/layer2_N12_inst/M3[1:0],
layer2_inst/layer2_N13_inst/M3[1:0], layer2_inst/layer2_N14_inst/M3[1:0],
layer2_inst/layer2_N1_inst/M3[1:0], layer2_inst/layer2_N2_inst/M3[1:0],
layer2_inst/layer2_N3_inst/M3[1:0], layer2_inst/layer2_N4_inst/M3[1:0],
layer2_inst/layer2_N5_inst/M3[1:0], layer2_inst/layer2_N6_inst/M3[1:0],
layer2_inst/layer2_N7_inst/M3[1:0], layer2_inst/layer2_N8_inst/M3[1:0],
layer2_inst/layer2_N9_inst/M3[1:0] (the first 15 of 20 listed).
Related violations: <none>


