Copyright 1986-2021 Xilinx, Inc. All Rights Reserved.
----------------------------------------------------------------------------------------------------------------------------------------------
| Tool Version     : Vivado v.2021.2 (lin64) Build 3367213 Tue Oct 19 02:47:39 MDT 2021
| Date             : Tue Apr 23 14:54:51 2024
| Host             : 7ca2124810b8 running 64-bit unknown
| Command          : report_power -file logicnet_power_routed.rpt -pb logicnet_power_summary_routed.pb -rpx logicnet_power_routed.rpx
| Design           : logicnet
| Device           : xcu280-fsvh2892-2L-e
| Design State     : routed
| Grade            : extended
| Process          : typical
| Characterization : Production
----------------------------------------------------------------------------------------------------------------------------------------------

Power Report

Table of Contents
-----------------
1. Summary
1.1 On-Chip Components
1.2 Power Supply Summary
1.3 Confidence Level
2. Settings
2.1 Environment
2.2 Clock Constraints
3. Detailed Reports
3.1 By Hierarchy

1. Summary
----------

+--------------------------+--------------+
| Total On-Chip Power (W)  | 3.536        |
|   FPGA Power (W)         | 3.295        |
|   HBM Power (W)          | 0.241        |
| Design Power Budget (W)  | Unspecified* |
| Power Budget Margin (W)  | NA           |
| Dynamic (W)              | 0.400        |
| Device Static (W)        | 3.136        |
| Effective TJA (C/W)      | 0.4          |
| Max Ambient (C)          | 98.5         |
| Junction Temperature (C) | 26.5         |
| Confidence Level         | Medium       |
| Setting File             | ---          |
| Simulation Activity File | ---          |
| Design Nets Matched      | NA           |
+--------------------------+--------------+
* Specify Design Power Budget using, set_operating_conditions -design_power_budget <value in Watts>


1.1 On-Chip Components
----------------------

+----------------+-----------+----------+-----------+-----------------+
| On-Chip        | Power (W) | Used     | Available | Utilization (%) |
+----------------+-----------+----------+-----------+-----------------+
| Clocks         |     0.073 |        3 |       --- |             --- |
| CLB Logic      |     0.181 |     6251 |       --- |             --- |
|   LUT as Logic |     0.176 |     4393 |   1303680 |            0.34 |
|   Register     |     0.005 |     1279 |   2607360 |            0.05 |
|   Others       |     0.000 |        3 |       --- |             --- |
|   F7/F8 Muxes  |     0.000 |      504 |   1303680 |            0.04 |
| Signals        |     0.145 |     4489 |       --- |             --- |
| Static Power   |     3.136 |          |           |                 |
| Total          |     3.536 |          |           |                 |
+----------------+-----------+----------+-----------+-----------------+


1.2 Power Supply Summary
------------------------

+------------+-------------+-----------+-------------+------------+-------------+-------------+------------+
| Source     | Voltage (V) | Total (A) | Dynamic (A) | Static (A) | Powerup (A) | Budget (A)  | Margin (A) |
+------------+-------------+-----------+-------------+------------+-------------+-------------+------------+
| Vccint     |       0.850 |     1.741 |       0.471 |      1.270 |       NA    | Unspecified | NA         |
| Vccint_io  |       0.850 |     0.238 |       0.000 |      0.238 |       NA    | Unspecified | NA         |
| Vccbram    |       0.850 |     0.030 |       0.000 |      0.030 |       NA    | Unspecified | NA         |
| Vccaux     |       1.800 |     0.822 |       0.000 |      0.822 |       NA    | Unspecified | NA         |
| Vccaux_io  |       1.800 |     0.035 |       0.000 |      0.035 |       NA    | Unspecified | NA         |
| Vcco33     |       3.300 |     0.000 |       0.000 |      0.000 |       NA    | Unspecified | NA         |
| Vcco25     |       2.500 |     0.000 |       0.000 |      0.000 |       NA    | Unspecified | NA         |
| Vcco18     |       1.800 |     0.000 |       0.000 |      0.000 |       NA    | Unspecified | NA         |
| Vcco15     |       1.500 |     0.000 |       0.000 |      0.000 |       NA    | Unspecified | NA         |
| Vcco135    |       1.350 |     0.000 |       0.000 |      0.000 |       NA    | Unspecified | NA         |
| Vcco12     |       1.200 |     0.000 |       0.000 |      0.000 |       NA    | Unspecified | NA         |
| Vcco10     |       1.000 |     0.000 |       0.000 |      0.000 |       NA    | Unspecified | NA         |
| Vccadc     |       1.800 |     0.024 |       0.000 |      0.024 |       NA    | Unspecified | NA         |
| VCC_IO_HBM |       1.200 |     0.082 |       0.000 |      0.082 |       NA    | Unspecified | NA         |
| VCC_HBM    |       1.200 |     0.076 |       0.000 |      0.076 |       NA    | Unspecified | NA         |
| VCCAUX_HBM |       2.500 |     0.022 |       0.000 |      0.022 |       NA    | Unspecified | NA         |
| MGTYAVcc   |       0.900 |     0.000 |       0.000 |      0.000 |       NA    | Unspecified | NA         |
| MGTYAVtt   |       1.200 |     0.000 |       0.000 |      0.000 |       NA    | Unspecified | NA         |
| MGTYVccaux |       1.800 |     0.000 |       0.000 |      0.000 |       NA    | Unspecified | NA         |
+------------+-------------+-----------+-------------+------------+-------------+-------------+------------+


1.3 Confidence Level
--------------------

+-----------------------------+------------+------------------------------------------------+------------------------------------------------------------------------------------------------------------+
| User Input Data             | Confidence | Details                                        | Action                                                                                                     |
+-----------------------------+------------+------------------------------------------------+------------------------------------------------------------------------------------------------------------+
| Design implementation state | High       | Design is routed                               |                                                                                                            |
| Clock nodes activity        | High       | User specified more than 95% of clocks         |                                                                                                            |
| I/O nodes activity          | High       | User specified more than 95% of inputs         |                                                                                                            |
| Internal nodes activity     | Medium     | User specified less than 25% of internal nodes | Provide missing internal nodes activity with simulation results or by editing the "By Resource Type" views |
| Device models               | High       | Device models are Production                   |                                                                                                            |
|                             |            |                                                |                                                                                                            |
| Overall confidence level    | Medium     |                                                |                                                                                                            |
+-----------------------------+------------+------------------------------------------------+------------------------------------------------------------------------------------------------------------+


2. Settings
-----------

2.1 Environment
---------------

+-----------------------+--------------------------+
| Ambient Temp (C)      | 25.0                     |
| ThetaJA (C/W)         | 0.4                      |
| Airflow (LFM)         | 250                      |
| Heat Sink             | medium (Medium Profile)  |
| ThetaSA (C/W)         | 0.5                      |
| Board Selection       | medium (10"x10")         |
| # of Board Layers     | 12to15 (12 to 15 Layers) |
| Board Temperature (C) | 25.0                     |
+-----------------------+--------------------------+


2.2 Clock Constraints
---------------------

+-------+--------+-----------------+
| Clock | Domain | Constraint (ns) |
+-------+--------+-----------------+
| clk   | clk    |             1.0 |
+-------+--------+-----------------+


3. Detailed Reports
-------------------

3.1 By Hierarchy
----------------

+---------------------+-----------+
| Name                | Power (W) |
+---------------------+-----------+
| logicnet            |     0.400 |
|   layer0_reg        |     0.053 |
|   layer1_inst       |     0.078 |
|     layer1_N0_inst  |     0.003 |
|     layer1_N10_inst |     0.004 |
|     layer1_N11_inst |     0.002 |
|     layer1_N12_inst |     0.002 |
|     layer1_N13_inst |     0.002 |
|     layer1_N15_inst |     0.003 |
|     layer1_N16_inst |     0.002 |
|     layer1_N17_inst |     0.004 |
|     layer1_N18_inst |     0.004 |
|     layer1_N19_inst |     0.001 |
|     layer1_N1_inst  |     0.001 |
|     layer1_N20_inst |     0.003 |
|     layer1_N21_inst |     0.004 |
|     layer1_N22_inst |     0.003 |
|     layer1_N23_inst |     0.005 |
|     layer1_N26_inst |     0.004 |
|     layer1_N27_inst |     0.001 |
|     layer1_N28_inst |     0.002 |
|     layer1_N2_inst  |     0.002 |
|     layer1_N31_inst |     0.004 |
|     layer1_N3_inst  |     0.001 |
|     layer1_N4_inst  |     0.004 |
|     layer1_N5_inst  |     0.003 |
|     layer1_N6_inst  |     0.004 |
|     layer1_N7_inst  |     0.002 |
|     layer1_N9_inst  |     0.003 |
|   layer1_reg        |     0.084 |
|   layer2_inst       |     0.125 |
|     layer2_N0_inst  |     0.036 |
|     layer2_N10_inst |     0.003 |
|     layer2_N11_inst |     0.003 |
|     layer2_N12_inst |     0.005 |
|     layer2_N13_inst |     0.018 |
|     layer2_N14_inst |     0.006 |
|     layer2_N1_inst  |     0.006 |
|     layer2_N2_inst  |     0.005 |
|     layer2_N3_inst  |     0.002 |
|     layer2_N4_inst  |     0.005 |
|     layer2_N5_inst  |     0.007 |
|     layer2_N6_inst  |     0.006 |
|     layer2_N7_inst  |     0.004 |
|     layer2_N8_inst  |     0.014 |
|     layer2_N9_inst  |     0.005 |
|   layer2_reg        |     0.061 |
+---------------------+-----------+


