Copyright 1986-2021 Xilinx, Inc. All Rights Reserved.
--------------------------------------------------------------------------------------------------------------------------------------------------------------
| Tool Version : Vivado v.2021.2 (lin64) Build 3367213 Tue Oct 19 02:47:39 MDT 2021
| Date         : Mon Apr 22 21:57:25 2024
| Host         : 7ca2124810b8 running 64-bit unknown
| Command      : report_methodology -file logicnet_methodology_drc_routed.rpt -pb logicnet_methodology_drc_routed.pb -rpx logicnet_methodology_drc_routed.rpx
| Design       : logicnet
| Device       : xcu280-fsvh2892-2L-e
| Speed File   : -2L
| Design State : Fully Routed
--------------------------------------------------------------------------------------------------------------------------------------------------------------

Report Methodology

Table of Contents
-----------------
1. REPORT SUMMARY
2. REPORT DETAILS

1. REPORT SUMMARY
-----------------
            Netlist: netlist
          Floorplan: design_1
      Design limits: <entire design considered>
             Max violations: <unlimited>
             Violations found: 525
+-----------+----------+-------------------------------+------------+
| Rule      | Severity | Description                   | Violations |
+-----------+----------+-------------------------------+------------+
| TIMING-18 | Warning  | Missing input or output delay | 525        |
+-----------+----------+-------------------------------+------------+

2. REPORT DETAILS
-----------------
TIMING-18#1 Warning
Missing input or output delay  
An input delay is missing on M0[0] relative to clock(s) clk
Related violations: <none>

TIMING-18#2 Warning
Missing input or output delay  
An input delay is missing on M0[100] relative to clock(s) clk
Related violations: <none>

TIMING-18#3 Warning
Missing input or output delay  
An input delay is missing on M0[101] relative to clock(s) clk
Related violations: <none>

TIMING-18#4 Warning
Missing input or output delay  
An input delay is missing on M0[102] relative to clock(s) clk
Related violations: <none>

TIMING-18#5 Warning
Missing input or output delay  
An input delay is missing on M0[103] relative to clock(s) clk
Related violations: <none>

TIMING-18#6 Warning
Missing input or output delay  
An input delay is missing on M0[104] relative to clock(s) clk
Related violations: <none>

TIMING-18#7 Warning
Missing input or output delay  
An input delay is missing on M0[105] relative to clock(s) clk
Related violations: <none>

TIMING-18#8 Warning
Missing input or output delay  
An input delay is missing on M0[106] relative to clock(s) clk
Related violations: <none>

TIMING-18#9 Warning
Missing input or output delay  
An input delay is missing on M0[107] relative to clock(s) clk
Related violations: <none>

TIMING-18#10 Warning
Missing input or output delay  
An input delay is missing on M0[108] relative to clock(s) clk
Related violations: <none>

TIMING-18#11 Warning
Missing input or output delay  
An input delay is missing on M0[109] relative to clock(s) clk
Related violations: <none>

TIMING-18#12 Warning
Missing input or output delay  
An input delay is missing on M0[10] relative to clock(s) clk
Related violations: <none>

TIMING-18#13 Warning
Missing input or output delay  
An input delay is missing on M0[110] relative to clock(s) clk
Related violations: <none>

TIMING-18#14 Warning
Missing input or output delay  
An input delay is missing on M0[111] relative to clock(s) clk
Related violations: <none>

TIMING-18#15 Warning
Missing input or output delay  
An input delay is missing on M0[112] relative to clock(s) clk
Related violations: <none>

TIMING-18#16 Warning
Missing input or output delay  
An input delay is missing on M0[113] relative to clock(s) clk
Related violations: <none>

TIMING-18#17 Warning
Missing input or output delay  
An input delay is missing on M0[114] relative to clock(s) clk
Related violations: <none>

TIMING-18#18 Warning
Missing input or output delay  
An input delay is missing on M0[115] relative to clock(s) clk
Related violations: <none>

TIMING-18#19 Warning
Missing input or output delay  
An input delay is missing on M0[116] relative to clock(s) clk
Related violations: <none>

TIMING-18#20 Warning
Missing input or output delay  
An input delay is missing on M0[117] relative to clock(s) clk
Related violations: <none>

TIMING-18#21 Warning
Missing input or output delay  
An input delay is missing on M0[118] relative to clock(s) clk
Related violations: <none>

TIMING-18#22 Warning
Missing input or output delay  
An input delay is missing on M0[119] relative to clock(s) clk
Related violations: <none>

TIMING-18#23 Warning
Missing input or output delay  
An input delay is missing on M0[11] relative to clock(s) clk
Related violations: <none>

TIMING-18#24 Warning
Missing input or output delay  
An input delay is missing on M0[120] relative to clock(s) clk
Related violations: <none>

TIMING-18#25 Warning
Missing input or output delay  
An input delay is missing on M0[121] relative to clock(s) clk
Related violations: <none>

TIMING-18#26 Warning
Missing input or output delay  
An input delay is missing on M0[122] relative to clock(s) clk
Related violations: <none>

TIMING-18#27 Warning
Missing input or output delay  
An input delay is missing on M0[123] relative to clock(s) clk
Related violations: <none>

TIMING-18#28 Warning
Missing input or output delay  
An input delay is missing on M0[124] relative to clock(s) clk
Related violations: <none>

TIMING-18#29 Warning
Missing input or output delay  
An input delay is missing on M0[125] relative to clock(s) clk
Related violations: <none>

TIMING-18#30 Warning
Missing input or output delay  
An input delay is missing on M0[126] relative to clock(s) clk
Related violations: <none>

TIMING-18#31 Warning
Missing input or output delay  
An input delay is missing on M0[127] relative to clock(s) clk
Related violations: <none>

TIMING-18#32 Warning
Missing input or output delay  
An input delay is missing on M0[128] relative to clock(s) clk
Related violations: <none>

TIMING-18#33 Warning
Missing input or output delay  
An input delay is missing on M0[129] relative to clock(s) clk
Related violations: <none>

TIMING-18#34 Warning
Missing input or output delay  
An input delay is missing on M0[12] relative to clock(s) clk
Related violations: <none>

TIMING-18#35 Warning
Missing input or output delay  
An input delay is missing on M0[130] relative to clock(s) clk
Related violations: <none>

TIMING-18#36 Warning
Missing input or output delay  
An input delay is missing on M0[131] relative to clock(s) clk
Related violations: <none>

TIMING-18#37 Warning
Missing input or output delay  
An input delay is missing on M0[132] relative to clock(s) clk
Related violations: <none>

TIMING-18#38 Warning
Missing input or output delay  
An input delay is missing on M0[133] relative to clock(s) clk
Related violations: <none>

TIMING-18#39 Warning
Missing input or output delay  
An input delay is missing on M0[134] relative to clock(s) clk
Related violations: <none>

TIMING-18#40 Warning
Missing input or output delay  
An input delay is missing on M0[135] relative to clock(s) clk
Related violations: <none>

TIMING-18#41 Warning
Missing input or output delay  
An input delay is missing on M0[136] relative to clock(s) clk
Related violations: <none>

TIMING-18#42 Warning
Missing input or output delay  
An input delay is missing on M0[137] relative to clock(s) clk
Related violations: <none>

TIMING-18#43 Warning
Missing input or output delay  
An input delay is missing on M0[138] relative to clock(s) clk
Related violations: <none>

TIMING-18#44 Warning
Missing input or output delay  
An input delay is missing on M0[139] relative to clock(s) clk
Related violations: <none>

TIMING-18#45 Warning
Missing input or output delay  
An input delay is missing on M0[13] relative to clock(s) clk
Related violations: <none>

TIMING-18#46 Warning
Missing input or output delay  
An input delay is missing on M0[140] relative to clock(s) clk
Related violations: <none>

TIMING-18#47 Warning
Missing input or output delay  
An input delay is missing on M0[141] relative to clock(s) clk
Related violations: <none>

TIMING-18#48 Warning
Missing input or output delay  
An input delay is missing on M0[142] relative to clock(s) clk
Related violations: <none>

TIMING-18#49 Warning
Missing input or output delay  
An input delay is missing on M0[143] relative to clock(s) clk
Related violations: <none>

TIMING-18#50 Warning
Missing input or output delay  
An input delay is missing on M0[144] relative to clock(s) clk
Related violations: <none>

TIMING-18#51 Warning
Missing input or output delay  
An input delay is missing on M0[145] relative to clock(s) clk
Related violations: <none>

TIMING-18#52 Warning
Missing input or output delay  
An input delay is missing on M0[146] relative to clock(s) clk
Related violations: <none>

TIMING-18#53 Warning
Missing input or output delay  
An input delay is missing on M0[147] relative to clock(s) clk
Related violations: <none>

TIMING-18#54 Warning
Missing input or output delay  
An input delay is missing on M0[148] relative to clock(s) clk
Related violations: <none>

TIMING-18#55 Warning
Missing input or output delay  
An input delay is missing on M0[149] relative to clock(s) clk
Related violations: <none>

TIMING-18#56 Warning
Missing input or output delay  
An input delay is missing on M0[14] relative to clock(s) clk
Related violations: <none>

TIMING-18#57 Warning
Missing input or output delay  
An input delay is missing on M0[150] relative to clock(s) clk
Related violations: <none>

TIMING-18#58 Warning
Missing input or output delay  
An input delay is missing on M0[151] relative to clock(s) clk
Related violations: <none>

TIMING-18#59 Warning
Missing input or output delay  
An input delay is missing on M0[152] relative to clock(s) clk
Related violations: <none>

TIMING-18#60 Warning
Missing input or output delay  
An input delay is missing on M0[153] relative to clock(s) clk
Related violations: <none>

TIMING-18#61 Warning
Missing input or output delay  
An input delay is missing on M0[154] relative to clock(s) clk
Related violations: <none>

TIMING-18#62 Warning
Missing input or output delay  
An input delay is missing on M0[155] relative to clock(s) clk
Related violations: <none>

TIMING-18#63 Warning
Missing input or output delay  
An input delay is missing on M0[156] relative to clock(s) clk
Related violations: <none>

TIMING-18#64 Warning
Missing input or output delay  
An input delay is missing on M0[157] relative to clock(s) clk
Related violations: <none>

TIMING-18#65 Warning
Missing input or output delay  
An input delay is missing on M0[158] relative to clock(s) clk
Related violations: <none>

TIMING-18#66 Warning
Missing input or output delay  
An input delay is missing on M0[159] relative to clock(s) clk
Related violations: <none>

TIMING-18#67 Warning
Missing input or output delay  
An input delay is missing on M0[15] relative to clock(s) clk
Related violations: <none>

TIMING-18#68 Warning
Missing input or output delay  
An input delay is missing on M0[160] relative to clock(s) clk
Related violations: <none>

TIMING-18#69 Warning
Missing input or output delay  
An input delay is missing on M0[161] relative to clock(s) clk
Related violations: <none>

TIMING-18#70 Warning
Missing input or output delay  
An input delay is missing on M0[162] relative to clock(s) clk
Related violations: <none>

TIMING-18#71 Warning
Missing input or output delay  
An input delay is missing on M0[163] relative to clock(s) clk
Related violations: <none>

TIMING-18#72 Warning
Missing input or output delay  
An input delay is missing on M0[164] relative to clock(s) clk
Related violations: <none>

TIMING-18#73 Warning
Missing input or output delay  
An input delay is missing on M0[165] relative to clock(s) clk
Related violations: <none>

TIMING-18#74 Warning
Missing input or output delay  
An input delay is missing on M0[166] relative to clock(s) clk
Related violations: <none>

TIMING-18#75 Warning
Missing input or output delay  
An input delay is missing on M0[167] relative to clock(s) clk
Related violations: <none>

TIMING-18#76 Warning
Missing input or output delay  
An input delay is missing on M0[168] relative to clock(s) clk
Related violations: <none>

TIMING-18#77 Warning
Missing input or output delay  
An input delay is missing on M0[169] relative to clock(s) clk
Related violations: <none>

TIMING-18#78 Warning
Missing input or output delay  
An input delay is missing on M0[16] relative to clock(s) clk
Related violations: <none>

TIMING-18#79 Warning
Missing input or output delay  
An input delay is missing on M0[170] relative to clock(s) clk
Related violations: <none>

TIMING-18#80 Warning
Missing input or output delay  
An input delay is missing on M0[171] relative to clock(s) clk
Related violations: <none>

TIMING-18#81 Warning
Missing input or output delay  
An input delay is missing on M0[172] relative to clock(s) clk
Related violations: <none>

TIMING-18#82 Warning
Missing input or output delay  
An input delay is missing on M0[173] relative to clock(s) clk
Related violations: <none>

TIMING-18#83 Warning
Missing input or output delay  
An input delay is missing on M0[174] relative to clock(s) clk
Related violations: <none>

TIMING-18#84 Warning
Missing input or output delay  
An input delay is missing on M0[175] relative to clock(s) clk
Related violations: <none>

TIMING-18#85 Warning
Missing input or output delay  
An input delay is missing on M0[176] relative to clock(s) clk
Related violations: <none>

TIMING-18#86 Warning
Missing input or output delay  
An input delay is missing on M0[177] relative to clock(s) clk
Related violations: <none>

TIMING-18#87 Warning
Missing input or output delay  
An input delay is missing on M0[178] relative to clock(s) clk
Related violations: <none>

TIMING-18#88 Warning
Missing input or output delay  
An input delay is missing on M0[179] relative to clock(s) clk
Related violations: <none>

TIMING-18#89 Warning
Missing input or output delay  
An input delay is missing on M0[17] relative to clock(s) clk
Related violations: <none>

TIMING-18#90 Warning
Missing input or output delay  
An input delay is missing on M0[180] relative to clock(s) clk
Related violations: <none>

TIMING-18#91 Warning
Missing input or output delay  
An input delay is missing on M0[181] relative to clock(s) clk
Related violations: <none>

TIMING-18#92 Warning
Missing input or output delay  
An input delay is missing on M0[182] relative to clock(s) clk
Related violations: <none>

TIMING-18#93 Warning
Missing input or output delay  
An input delay is missing on M0[183] relative to clock(s) clk
Related violations: <none>

TIMING-18#94 Warning
Missing input or output delay  
An input delay is missing on M0[184] relative to clock(s) clk
Related violations: <none>

TIMING-18#95 Warning
Missing input or output delay  
An input delay is missing on M0[185] relative to clock(s) clk
Related violations: <none>

TIMING-18#96 Warning
Missing input or output delay  
An input delay is missing on M0[186] relative to clock(s) clk
Related violations: <none>

TIMING-18#97 Warning
Missing input or output delay  
An input delay is missing on M0[187] relative to clock(s) clk
Related violations: <none>

TIMING-18#98 Warning
Missing input or output delay  
An input delay is missing on M0[188] relative to clock(s) clk
Related violations: <none>

TIMING-18#99 Warning
Missing input or output delay  
An input delay is missing on M0[189] relative to clock(s) clk
Related violations: <none>

TIMING-18#100 Warning
Missing input or output delay  
An input delay is missing on M0[18] relative to clock(s) clk
Related violations: <none>

TIMING-18#101 Warning
Missing input or output delay  
An input delay is missing on M0[190] relative to clock(s) clk
Related violations: <none>

TIMING-18#102 Warning
Missing input or output delay  
An input delay is missing on M0[191] relative to clock(s) clk
Related violations: <none>

TIMING-18#103 Warning
Missing input or output delay  
An input delay is missing on M0[192] relative to clock(s) clk
Related violations: <none>

TIMING-18#104 Warning
Missing input or output delay  
An input delay is missing on M0[193] relative to clock(s) clk
Related violations: <none>

TIMING-18#105 Warning
Missing input or output delay  
An input delay is missing on M0[194] relative to clock(s) clk
Related violations: <none>

TIMING-18#106 Warning
Missing input or output delay  
An input delay is missing on M0[195] relative to clock(s) clk
Related violations: <none>

TIMING-18#107 Warning
Missing input or output delay  
An input delay is missing on M0[196] relative to clock(s) clk
Related violations: <none>

TIMING-18#108 Warning
Missing input or output delay  
An input delay is missing on M0[197] relative to clock(s) clk
Related violations: <none>

TIMING-18#109 Warning
Missing input or output delay  
An input delay is missing on M0[198] relative to clock(s) clk
Related violations: <none>

TIMING-18#110 Warning
Missing input or output delay  
An input delay is missing on M0[199] relative to clock(s) clk
Related violations: <none>

TIMING-18#111 Warning
Missing input or output delay  
An input delay is missing on M0[19] relative to clock(s) clk
Related violations: <none>

TIMING-18#112 Warning
Missing input or output delay  
An input delay is missing on M0[1] relative to clock(s) clk
Related violations: <none>

TIMING-18#113 Warning
Missing input or output delay  
An input delay is missing on M0[200] relative to clock(s) clk
Related violations: <none>

TIMING-18#114 Warning
Missing input or output delay  
An input delay is missing on M0[201] relative to clock(s) clk
Related violations: <none>

TIMING-18#115 Warning
Missing input or output delay  
An input delay is missing on M0[202] relative to clock(s) clk
Related violations: <none>

TIMING-18#116 Warning
Missing input or output delay  
An input delay is missing on M0[203] relative to clock(s) clk
Related violations: <none>

TIMING-18#117 Warning
Missing input or output delay  
An input delay is missing on M0[204] relative to clock(s) clk
Related violations: <none>

TIMING-18#118 Warning
Missing input or output delay  
An input delay is missing on M0[205] relative to clock(s) clk
Related violations: <none>

TIMING-18#119 Warning
Missing input or output delay  
An input delay is missing on M0[206] relative to clock(s) clk
Related violations: <none>

TIMING-18#120 Warning
Missing input or output delay  
An input delay is missing on M0[207] relative to clock(s) clk
Related violations: <none>

TIMING-18#121 Warning
Missing input or output delay  
An input delay is missing on M0[208] relative to clock(s) clk
Related violations: <none>

TIMING-18#122 Warning
Missing input or output delay  
An input delay is missing on M0[209] relative to clock(s) clk
Related violations: <none>

TIMING-18#123 Warning
Missing input or output delay  
An input delay is missing on M0[20] relative to clock(s) clk
Related violations: <none>

TIMING-18#124 Warning
Missing input or output delay  
An input delay is missing on M0[210] relative to clock(s) clk
Related violations: <none>

TIMING-18#125 Warning
Missing input or output delay  
An input delay is missing on M0[211] relative to clock(s) clk
Related violations: <none>

TIMING-18#126 Warning
Missing input or output delay  
An input delay is missing on M0[212] relative to clock(s) clk
Related violations: <none>

TIMING-18#127 Warning
Missing input or output delay  
An input delay is missing on M0[213] relative to clock(s) clk
Related violations: <none>

TIMING-18#128 Warning
Missing input or output delay  
An input delay is missing on M0[214] relative to clock(s) clk
Related violations: <none>

TIMING-18#129 Warning
Missing input or output delay  
An input delay is missing on M0[215] relative to clock(s) clk
Related violations: <none>

TIMING-18#130 Warning
Missing input or output delay  
An input delay is missing on M0[216] relative to clock(s) clk
Related violations: <none>

TIMING-18#131 Warning
Missing input or output delay  
An input delay is missing on M0[217] relative to clock(s) clk
Related violations: <none>

TIMING-18#132 Warning
Missing input or output delay  
An input delay is missing on M0[218] relative to clock(s) clk
Related violations: <none>

TIMING-18#133 Warning
Missing input or output delay  
An input delay is missing on M0[219] relative to clock(s) clk
Related violations: <none>

TIMING-18#134 Warning
Missing input or output delay  
An input delay is missing on M0[21] relative to clock(s) clk
Related violations: <none>

TIMING-18#135 Warning
Missing input or output delay  
An input delay is missing on M0[220] relative to clock(s) clk
Related violations: <none>

TIMING-18#136 Warning
Missing input or output delay  
An input delay is missing on M0[221] relative to clock(s) clk
Related violations: <none>

TIMING-18#137 Warning
Missing input or output delay  
An input delay is missing on M0[222] relative to clock(s) clk
Related violations: <none>

TIMING-18#138 Warning
Missing input or output delay  
An input delay is missing on M0[223] relative to clock(s) clk
Related violations: <none>

TIMING-18#139 Warning
Missing input or output delay  
An input delay is missing on M0[224] relative to clock(s) clk
Related violations: <none>

TIMING-18#140 Warning
Missing input or output delay  
An input delay is missing on M0[225] relative to clock(s) clk
Related violations: <none>

TIMING-18#141 Warning
Missing input or output delay  
An input delay is missing on M0[226] relative to clock(s) clk
Related violations: <none>

TIMING-18#142 Warning
Missing input or output delay  
An input delay is missing on M0[227] relative to clock(s) clk
Related violations: <none>

TIMING-18#143 Warning
Missing input or output delay  
An input delay is missing on M0[228] relative to clock(s) clk
Related violations: <none>

TIMING-18#144 Warning
Missing input or output delay  
An input delay is missing on M0[229] relative to clock(s) clk
Related violations: <none>

TIMING-18#145 Warning
Missing input or output delay  
An input delay is missing on M0[22] relative to clock(s) clk
Related violations: <none>

TIMING-18#146 Warning
Missing input or output delay  
An input delay is missing on M0[230] relative to clock(s) clk
Related violations: <none>

TIMING-18#147 Warning
Missing input or output delay  
An input delay is missing on M0[231] relative to clock(s) clk
Related violations: <none>

TIMING-18#148 Warning
Missing input or output delay  
An input delay is missing on M0[232] relative to clock(s) clk
Related violations: <none>

TIMING-18#149 Warning
Missing input or output delay  
An input delay is missing on M0[233] relative to clock(s) clk
Related violations: <none>

TIMING-18#150 Warning
Missing input or output delay  
An input delay is missing on M0[234] relative to clock(s) clk
Related violations: <none>

TIMING-18#151 Warning
Missing input or output delay  
An input delay is missing on M0[235] relative to clock(s) clk
Related violations: <none>

TIMING-18#152 Warning
Missing input or output delay  
An input delay is missing on M0[236] relative to clock(s) clk
Related violations: <none>

TIMING-18#153 Warning
Missing input or output delay  
An input delay is missing on M0[237] relative to clock(s) clk
Related violations: <none>

TIMING-18#154 Warning
Missing input or output delay  
An input delay is missing on M0[238] relative to clock(s) clk
Related violations: <none>

TIMING-18#155 Warning
Missing input or output delay  
An input delay is missing on M0[239] relative to clock(s) clk
Related violations: <none>

TIMING-18#156 Warning
Missing input or output delay  
An input delay is missing on M0[23] relative to clock(s) clk
Related violations: <none>

TIMING-18#157 Warning
Missing input or output delay  
An input delay is missing on M0[240] relative to clock(s) clk
Related violations: <none>

TIMING-18#158 Warning
Missing input or output delay  
An input delay is missing on M0[241] relative to clock(s) clk
Related violations: <none>

TIMING-18#159 Warning
Missing input or output delay  
An input delay is missing on M0[242] relative to clock(s) clk
Related violations: <none>

TIMING-18#160 Warning
Missing input or output delay  
An input delay is missing on M0[243] relative to clock(s) clk
Related violations: <none>

TIMING-18#161 Warning
Missing input or output delay  
An input delay is missing on M0[244] relative to clock(s) clk
Related violations: <none>

TIMING-18#162 Warning
Missing input or output delay  
An input delay is missing on M0[245] relative to clock(s) clk
Related violations: <none>

TIMING-18#163 Warning
Missing input or output delay  
An input delay is missing on M0[246] relative to clock(s) clk
Related violations: <none>

TIMING-18#164 Warning
Missing input or output delay  
An input delay is missing on M0[247] relative to clock(s) clk
Related violations: <none>

TIMING-18#165 Warning
Missing input or output delay  
An input delay is missing on M0[248] relative to clock(s) clk
Related violations: <none>

TIMING-18#166 Warning
Missing input or output delay  
An input delay is missing on M0[249] relative to clock(s) clk
Related violations: <none>

TIMING-18#167 Warning
Missing input or output delay  
An input delay is missing on M0[24] relative to clock(s) clk
Related violations: <none>

TIMING-18#168 Warning
Missing input or output delay  
An input delay is missing on M0[250] relative to clock(s) clk
Related violations: <none>

TIMING-18#169 Warning
Missing input or output delay  
An input delay is missing on M0[251] relative to clock(s) clk
Related violations: <none>

TIMING-18#170 Warning
Missing input or output delay  
An input delay is missing on M0[252] relative to clock(s) clk
Related violations: <none>

TIMING-18#171 Warning
Missing input or output delay  
An input delay is missing on M0[253] relative to clock(s) clk
Related violations: <none>

TIMING-18#172 Warning
Missing input or output delay  
An input delay is missing on M0[254] relative to clock(s) clk
Related violations: <none>

TIMING-18#173 Warning
Missing input or output delay  
An input delay is missing on M0[255] relative to clock(s) clk
Related violations: <none>

TIMING-18#174 Warning
Missing input or output delay  
An input delay is missing on M0[256] relative to clock(s) clk
Related violations: <none>

TIMING-18#175 Warning
Missing input or output delay  
An input delay is missing on M0[257] relative to clock(s) clk
Related violations: <none>

TIMING-18#176 Warning
Missing input or output delay  
An input delay is missing on M0[258] relative to clock(s) clk
Related violations: <none>

TIMING-18#177 Warning
Missing input or output delay  
An input delay is missing on M0[259] relative to clock(s) clk
Related violations: <none>

TIMING-18#178 Warning
Missing input or output delay  
An input delay is missing on M0[25] relative to clock(s) clk
Related violations: <none>

TIMING-18#179 Warning
Missing input or output delay  
An input delay is missing on M0[260] relative to clock(s) clk
Related violations: <none>

TIMING-18#180 Warning
Missing input or output delay  
An input delay is missing on M0[261] relative to clock(s) clk
Related violations: <none>

TIMING-18#181 Warning
Missing input or output delay  
An input delay is missing on M0[262] relative to clock(s) clk
Related violations: <none>

TIMING-18#182 Warning
Missing input or output delay  
An input delay is missing on M0[263] relative to clock(s) clk
Related violations: <none>

TIMING-18#183 Warning
Missing input or output delay  
An input delay is missing on M0[264] relative to clock(s) clk
Related violations: <none>

TIMING-18#184 Warning
Missing input or output delay  
An input delay is missing on M0[265] relative to clock(s) clk
Related violations: <none>

TIMING-18#185 Warning
Missing input or output delay  
An input delay is missing on M0[266] relative to clock(s) clk
Related violations: <none>

TIMING-18#186 Warning
Missing input or output delay  
An input delay is missing on M0[267] relative to clock(s) clk
Related violations: <none>

TIMING-18#187 Warning
Missing input or output delay  
An input delay is missing on M0[268] relative to clock(s) clk
Related violations: <none>

TIMING-18#188 Warning
Missing input or output delay  
An input delay is missing on M0[269] relative to clock(s) clk
Related violations: <none>

TIMING-18#189 Warning
Missing input or output delay  
An input delay is missing on M0[26] relative to clock(s) clk
Related violations: <none>

TIMING-18#190 Warning
Missing input or output delay  
An input delay is missing on M0[270] relative to clock(s) clk
Related violations: <none>

TIMING-18#191 Warning
Missing input or output delay  
An input delay is missing on M0[271] relative to clock(s) clk
Related violations: <none>

TIMING-18#192 Warning
Missing input or output delay  
An input delay is missing on M0[272] relative to clock(s) clk
Related violations: <none>

TIMING-18#193 Warning
Missing input or output delay  
An input delay is missing on M0[273] relative to clock(s) clk
Related violations: <none>

TIMING-18#194 Warning
Missing input or output delay  
An input delay is missing on M0[274] relative to clock(s) clk
Related violations: <none>

TIMING-18#195 Warning
Missing input or output delay  
An input delay is missing on M0[275] relative to clock(s) clk
Related violations: <none>

TIMING-18#196 Warning
Missing input or output delay  
An input delay is missing on M0[276] relative to clock(s) clk
Related violations: <none>

TIMING-18#197 Warning
Missing input or output delay  
An input delay is missing on M0[277] relative to clock(s) clk
Related violations: <none>

TIMING-18#198 Warning
Missing input or output delay  
An input delay is missing on M0[278] relative to clock(s) clk
Related violations: <none>

TIMING-18#199 Warning
Missing input or output delay  
An input delay is missing on M0[279] relative to clock(s) clk
Related violations: <none>

TIMING-18#200 Warning
Missing input or output delay  
An input delay is missing on M0[27] relative to clock(s) clk
Related violations: <none>

TIMING-18#201 Warning
Missing input or output delay  
An input delay is missing on M0[280] relative to clock(s) clk
Related violations: <none>

TIMING-18#202 Warning
Missing input or output delay  
An input delay is missing on M0[281] relative to clock(s) clk
Related violations: <none>

TIMING-18#203 Warning
Missing input or output delay  
An input delay is missing on M0[282] relative to clock(s) clk
Related violations: <none>

TIMING-18#204 Warning
Missing input or output delay  
An input delay is missing on M0[283] relative to clock(s) clk
Related violations: <none>

TIMING-18#205 Warning
Missing input or output delay  
An input delay is missing on M0[284] relative to clock(s) clk
Related violations: <none>

TIMING-18#206 Warning
Missing input or output delay  
An input delay is missing on M0[285] relative to clock(s) clk
Related violations: <none>

TIMING-18#207 Warning
Missing input or output delay  
An input delay is missing on M0[286] relative to clock(s) clk
Related violations: <none>

TIMING-18#208 Warning
Missing input or output delay  
An input delay is missing on M0[287] relative to clock(s) clk
Related violations: <none>

TIMING-18#209 Warning
Missing input or output delay  
An input delay is missing on M0[288] relative to clock(s) clk
Related violations: <none>

TIMING-18#210 Warning
Missing input or output delay  
An input delay is missing on M0[289] relative to clock(s) clk
Related violations: <none>

TIMING-18#211 Warning
Missing input or output delay  
An input delay is missing on M0[28] relative to clock(s) clk
Related violations: <none>

TIMING-18#212 Warning
Missing input or output delay  
An input delay is missing on M0[290] relative to clock(s) clk
Related violations: <none>

TIMING-18#213 Warning
Missing input or output delay  
An input delay is missing on M0[291] relative to clock(s) clk
Related violations: <none>

TIMING-18#214 Warning
Missing input or output delay  
An input delay is missing on M0[292] relative to clock(s) clk
Related violations: <none>

TIMING-18#215 Warning
Missing input or output delay  
An input delay is missing on M0[293] relative to clock(s) clk
Related violations: <none>

TIMING-18#216 Warning
Missing input or output delay  
An input delay is missing on M0[294] relative to clock(s) clk
Related violations: <none>

TIMING-18#217 Warning
Missing input or output delay  
An input delay is missing on M0[295] relative to clock(s) clk
Related violations: <none>

TIMING-18#218 Warning
Missing input or output delay  
An input delay is missing on M0[296] relative to clock(s) clk
Related violations: <none>

TIMING-18#219 Warning
Missing input or output delay  
An input delay is missing on M0[297] relative to clock(s) clk
Related violations: <none>

TIMING-18#220 Warning
Missing input or output delay  
An input delay is missing on M0[298] relative to clock(s) clk
Related violations: <none>

TIMING-18#221 Warning
Missing input or output delay  
An input delay is missing on M0[299] relative to clock(s) clk
Related violations: <none>

TIMING-18#222 Warning
Missing input or output delay  
An input delay is missing on M0[29] relative to clock(s) clk
Related violations: <none>

TIMING-18#223 Warning
Missing input or output delay  
An input delay is missing on M0[2] relative to clock(s) clk
Related violations: <none>

TIMING-18#224 Warning
Missing input or output delay  
An input delay is missing on M0[300] relative to clock(s) clk
Related violations: <none>

TIMING-18#225 Warning
Missing input or output delay  
An input delay is missing on M0[301] relative to clock(s) clk
Related violations: <none>

TIMING-18#226 Warning
Missing input or output delay  
An input delay is missing on M0[302] relative to clock(s) clk
Related violations: <none>

TIMING-18#227 Warning
Missing input or output delay  
An input delay is missing on M0[303] relative to clock(s) clk
Related violations: <none>

TIMING-18#228 Warning
Missing input or output delay  
An input delay is missing on M0[304] relative to clock(s) clk
Related violations: <none>

TIMING-18#229 Warning
Missing input or output delay  
An input delay is missing on M0[305] relative to clock(s) clk
Related violations: <none>

TIMING-18#230 Warning
Missing input or output delay  
An input delay is missing on M0[306] relative to clock(s) clk
Related violations: <none>

TIMING-18#231 Warning
Missing input or output delay  
An input delay is missing on M0[307] relative to clock(s) clk
Related violations: <none>

TIMING-18#232 Warning
Missing input or output delay  
An input delay is missing on M0[308] relative to clock(s) clk
Related violations: <none>

TIMING-18#233 Warning
Missing input or output delay  
An input delay is missing on M0[309] relative to clock(s) clk
Related violations: <none>

TIMING-18#234 Warning
Missing input or output delay  
An input delay is missing on M0[30] relative to clock(s) clk
Related violations: <none>

TIMING-18#235 Warning
Missing input or output delay  
An input delay is missing on M0[310] relative to clock(s) clk
Related violations: <none>

TIMING-18#236 Warning
Missing input or output delay  
An input delay is missing on M0[311] relative to clock(s) clk
Related violations: <none>

TIMING-18#237 Warning
Missing input or output delay  
An input delay is missing on M0[312] relative to clock(s) clk
Related violations: <none>

TIMING-18#238 Warning
Missing input or output delay  
An input delay is missing on M0[313] relative to clock(s) clk
Related violations: <none>

TIMING-18#239 Warning
Missing input or output delay  
An input delay is missing on M0[314] relative to clock(s) clk
Related violations: <none>

TIMING-18#240 Warning
Missing input or output delay  
An input delay is missing on M0[315] relative to clock(s) clk
Related violations: <none>

TIMING-18#241 Warning
Missing input or output delay  
An input delay is missing on M0[316] relative to clock(s) clk
Related violations: <none>

TIMING-18#242 Warning
Missing input or output delay  
An input delay is missing on M0[317] relative to clock(s) clk
Related violations: <none>

TIMING-18#243 Warning
Missing input or output delay  
An input delay is missing on M0[318] relative to clock(s) clk
Related violations: <none>

TIMING-18#244 Warning
Missing input or output delay  
An input delay is missing on M0[319] relative to clock(s) clk
Related violations: <none>

TIMING-18#245 Warning
Missing input or output delay  
An input delay is missing on M0[31] relative to clock(s) clk
Related violations: <none>

TIMING-18#246 Warning
Missing input or output delay  
An input delay is missing on M0[320] relative to clock(s) clk
Related violations: <none>

TIMING-18#247 Warning
Missing input or output delay  
An input delay is missing on M0[321] relative to clock(s) clk
Related violations: <none>

TIMING-18#248 Warning
Missing input or output delay  
An input delay is missing on M0[322] relative to clock(s) clk
Related violations: <none>

TIMING-18#249 Warning
Missing input or output delay  
An input delay is missing on M0[323] relative to clock(s) clk
Related violations: <none>

TIMING-18#250 Warning
Missing input or output delay  
An input delay is missing on M0[324] relative to clock(s) clk
Related violations: <none>

TIMING-18#251 Warning
Missing input or output delay  
An input delay is missing on M0[325] relative to clock(s) clk
Related violations: <none>

TIMING-18#252 Warning
Missing input or output delay  
An input delay is missing on M0[326] relative to clock(s) clk
Related violations: <none>

TIMING-18#253 Warning
Missing input or output delay  
An input delay is missing on M0[327] relative to clock(s) clk
Related violations: <none>

TIMING-18#254 Warning
Missing input or output delay  
An input delay is missing on M0[328] relative to clock(s) clk
Related violations: <none>

TIMING-18#255 Warning
Missing input or output delay  
An input delay is missing on M0[329] relative to clock(s) clk
Related violations: <none>

TIMING-18#256 Warning
Missing input or output delay  
An input delay is missing on M0[32] relative to clock(s) clk
Related violations: <none>

TIMING-18#257 Warning
Missing input or output delay  
An input delay is missing on M0[330] relative to clock(s) clk
Related violations: <none>

TIMING-18#258 Warning
Missing input or output delay  
An input delay is missing on M0[331] relative to clock(s) clk
Related violations: <none>

TIMING-18#259 Warning
Missing input or output delay  
An input delay is missing on M0[332] relative to clock(s) clk
Related violations: <none>

TIMING-18#260 Warning
Missing input or output delay  
An input delay is missing on M0[333] relative to clock(s) clk
Related violations: <none>

TIMING-18#261 Warning
Missing input or output delay  
An input delay is missing on M0[334] relative to clock(s) clk
Related violations: <none>

TIMING-18#262 Warning
Missing input or output delay  
An input delay is missing on M0[335] relative to clock(s) clk
Related violations: <none>

TIMING-18#263 Warning
Missing input or output delay  
An input delay is missing on M0[336] relative to clock(s) clk
Related violations: <none>

TIMING-18#264 Warning
Missing input or output delay  
An input delay is missing on M0[337] relative to clock(s) clk
Related violations: <none>

TIMING-18#265 Warning
Missing input or output delay  
An input delay is missing on M0[338] relative to clock(s) clk
Related violations: <none>

TIMING-18#266 Warning
Missing input or output delay  
An input delay is missing on M0[339] relative to clock(s) clk
Related violations: <none>

TIMING-18#267 Warning
Missing input or output delay  
An input delay is missing on M0[33] relative to clock(s) clk
Related violations: <none>

TIMING-18#268 Warning
Missing input or output delay  
An input delay is missing on M0[340] relative to clock(s) clk
Related violations: <none>

TIMING-18#269 Warning
Missing input or output delay  
An input delay is missing on M0[341] relative to clock(s) clk
Related violations: <none>

TIMING-18#270 Warning
Missing input or output delay  
An input delay is missing on M0[342] relative to clock(s) clk
Related violations: <none>

TIMING-18#271 Warning
Missing input or output delay  
An input delay is missing on M0[343] relative to clock(s) clk
Related violations: <none>

TIMING-18#272 Warning
Missing input or output delay  
An input delay is missing on M0[344] relative to clock(s) clk
Related violations: <none>

TIMING-18#273 Warning
Missing input or output delay  
An input delay is missing on M0[345] relative to clock(s) clk
Related violations: <none>

TIMING-18#274 Warning
Missing input or output delay  
An input delay is missing on M0[346] relative to clock(s) clk
Related violations: <none>

TIMING-18#275 Warning
Missing input or output delay  
An input delay is missing on M0[347] relative to clock(s) clk
Related violations: <none>

TIMING-18#276 Warning
Missing input or output delay  
An input delay is missing on M0[348] relative to clock(s) clk
Related violations: <none>

TIMING-18#277 Warning
Missing input or output delay  
An input delay is missing on M0[349] relative to clock(s) clk
Related violations: <none>

TIMING-18#278 Warning
Missing input or output delay  
An input delay is missing on M0[34] relative to clock(s) clk
Related violations: <none>

TIMING-18#279 Warning
Missing input or output delay  
An input delay is missing on M0[350] relative to clock(s) clk
Related violations: <none>

TIMING-18#280 Warning
Missing input or output delay  
An input delay is missing on M0[351] relative to clock(s) clk
Related violations: <none>

TIMING-18#281 Warning
Missing input or output delay  
An input delay is missing on M0[352] relative to clock(s) clk
Related violations: <none>

TIMING-18#282 Warning
Missing input or output delay  
An input delay is missing on M0[353] relative to clock(s) clk
Related violations: <none>

TIMING-18#283 Warning
Missing input or output delay  
An input delay is missing on M0[354] relative to clock(s) clk
Related violations: <none>

TIMING-18#284 Warning
Missing input or output delay  
An input delay is missing on M0[355] relative to clock(s) clk
Related violations: <none>

TIMING-18#285 Warning
Missing input or output delay  
An input delay is missing on M0[356] relative to clock(s) clk
Related violations: <none>

TIMING-18#286 Warning
Missing input or output delay  
An input delay is missing on M0[357] relative to clock(s) clk
Related violations: <none>

TIMING-18#287 Warning
Missing input or output delay  
An input delay is missing on M0[358] relative to clock(s) clk
Related violations: <none>

TIMING-18#288 Warning
Missing input or output delay  
An input delay is missing on M0[359] relative to clock(s) clk
Related violations: <none>

TIMING-18#289 Warning
Missing input or output delay  
An input delay is missing on M0[35] relative to clock(s) clk
Related violations: <none>

TIMING-18#290 Warning
Missing input or output delay  
An input delay is missing on M0[360] relative to clock(s) clk
Related violations: <none>

TIMING-18#291 Warning
Missing input or output delay  
An input delay is missing on M0[361] relative to clock(s) clk
Related violations: <none>

TIMING-18#292 Warning
Missing input or output delay  
An input delay is missing on M0[362] relative to clock(s) clk
Related violations: <none>

TIMING-18#293 Warning
Missing input or output delay  
An input delay is missing on M0[363] relative to clock(s) clk
Related violations: <none>

TIMING-18#294 Warning
Missing input or output delay  
An input delay is missing on M0[364] relative to clock(s) clk
Related violations: <none>

TIMING-18#295 Warning
Missing input or output delay  
An input delay is missing on M0[365] relative to clock(s) clk
Related violations: <none>

TIMING-18#296 Warning
Missing input or output delay  
An input delay is missing on M0[366] relative to clock(s) clk
Related violations: <none>

TIMING-18#297 Warning
Missing input or output delay  
An input delay is missing on M0[367] relative to clock(s) clk
Related violations: <none>

TIMING-18#298 Warning
Missing input or output delay  
An input delay is missing on M0[368] relative to clock(s) clk
Related violations: <none>

TIMING-18#299 Warning
Missing input or output delay  
An input delay is missing on M0[369] relative to clock(s) clk
Related violations: <none>

TIMING-18#300 Warning
Missing input or output delay  
An input delay is missing on M0[36] relative to clock(s) clk
Related violations: <none>

TIMING-18#301 Warning
Missing input or output delay  
An input delay is missing on M0[370] relative to clock(s) clk
Related violations: <none>

TIMING-18#302 Warning
Missing input or output delay  
An input delay is missing on M0[371] relative to clock(s) clk
Related violations: <none>

TIMING-18#303 Warning
Missing input or output delay  
An input delay is missing on M0[372] relative to clock(s) clk
Related violations: <none>

TIMING-18#304 Warning
Missing input or output delay  
An input delay is missing on M0[373] relative to clock(s) clk
Related violations: <none>

TIMING-18#305 Warning
Missing input or output delay  
An input delay is missing on M0[374] relative to clock(s) clk
Related violations: <none>

TIMING-18#306 Warning
Missing input or output delay  
An input delay is missing on M0[375] relative to clock(s) clk
Related violations: <none>

TIMING-18#307 Warning
Missing input or output delay  
An input delay is missing on M0[376] relative to clock(s) clk
Related violations: <none>

TIMING-18#308 Warning
Missing input or output delay  
An input delay is missing on M0[377] relative to clock(s) clk
Related violations: <none>

TIMING-18#309 Warning
Missing input or output delay  
An input delay is missing on M0[378] relative to clock(s) clk
Related violations: <none>

TIMING-18#310 Warning
Missing input or output delay  
An input delay is missing on M0[379] relative to clock(s) clk
Related violations: <none>

TIMING-18#311 Warning
Missing input or output delay  
An input delay is missing on M0[37] relative to clock(s) clk
Related violations: <none>

TIMING-18#312 Warning
Missing input or output delay  
An input delay is missing on M0[380] relative to clock(s) clk
Related violations: <none>

TIMING-18#313 Warning
Missing input or output delay  
An input delay is missing on M0[381] relative to clock(s) clk
Related violations: <none>

TIMING-18#314 Warning
Missing input or output delay  
An input delay is missing on M0[382] relative to clock(s) clk
Related violations: <none>

TIMING-18#315 Warning
Missing input or output delay  
An input delay is missing on M0[383] relative to clock(s) clk
Related violations: <none>

TIMING-18#316 Warning
Missing input or output delay  
An input delay is missing on M0[384] relative to clock(s) clk
Related violations: <none>

TIMING-18#317 Warning
Missing input or output delay  
An input delay is missing on M0[385] relative to clock(s) clk
Related violations: <none>

TIMING-18#318 Warning
Missing input or output delay  
An input delay is missing on M0[386] relative to clock(s) clk
Related violations: <none>

TIMING-18#319 Warning
Missing input or output delay  
An input delay is missing on M0[387] relative to clock(s) clk
Related violations: <none>

TIMING-18#320 Warning
Missing input or output delay  
An input delay is missing on M0[388] relative to clock(s) clk
Related violations: <none>

TIMING-18#321 Warning
Missing input or output delay  
An input delay is missing on M0[389] relative to clock(s) clk
Related violations: <none>

TIMING-18#322 Warning
Missing input or output delay  
An input delay is missing on M0[38] relative to clock(s) clk
Related violations: <none>

TIMING-18#323 Warning
Missing input or output delay  
An input delay is missing on M0[390] relative to clock(s) clk
Related violations: <none>

TIMING-18#324 Warning
Missing input or output delay  
An input delay is missing on M0[391] relative to clock(s) clk
Related violations: <none>

TIMING-18#325 Warning
Missing input or output delay  
An input delay is missing on M0[392] relative to clock(s) clk
Related violations: <none>

TIMING-18#326 Warning
Missing input or output delay  
An input delay is missing on M0[393] relative to clock(s) clk
Related violations: <none>

TIMING-18#327 Warning
Missing input or output delay  
An input delay is missing on M0[394] relative to clock(s) clk
Related violations: <none>

TIMING-18#328 Warning
Missing input or output delay  
An input delay is missing on M0[395] relative to clock(s) clk
Related violations: <none>

TIMING-18#329 Warning
Missing input or output delay  
An input delay is missing on M0[396] relative to clock(s) clk
Related violations: <none>

TIMING-18#330 Warning
Missing input or output delay  
An input delay is missing on M0[397] relative to clock(s) clk
Related violations: <none>

TIMING-18#331 Warning
Missing input or output delay  
An input delay is missing on M0[398] relative to clock(s) clk
Related violations: <none>

TIMING-18#332 Warning
Missing input or output delay  
An input delay is missing on M0[399] relative to clock(s) clk
Related violations: <none>

TIMING-18#333 Warning
Missing input or output delay  
An input delay is missing on M0[39] relative to clock(s) clk
Related violations: <none>

TIMING-18#334 Warning
Missing input or output delay  
An input delay is missing on M0[3] relative to clock(s) clk
Related violations: <none>

TIMING-18#335 Warning
Missing input or output delay  
An input delay is missing on M0[400] relative to clock(s) clk
Related violations: <none>

TIMING-18#336 Warning
Missing input or output delay  
An input delay is missing on M0[401] relative to clock(s) clk
Related violations: <none>

TIMING-18#337 Warning
Missing input or output delay  
An input delay is missing on M0[402] relative to clock(s) clk
Related violations: <none>

TIMING-18#338 Warning
Missing input or output delay  
An input delay is missing on M0[403] relative to clock(s) clk
Related violations: <none>

TIMING-18#339 Warning
Missing input or output delay  
An input delay is missing on M0[404] relative to clock(s) clk
Related violations: <none>

TIMING-18#340 Warning
Missing input or output delay  
An input delay is missing on M0[405] relative to clock(s) clk
Related violations: <none>

TIMING-18#341 Warning
Missing input or output delay  
An input delay is missing on M0[406] relative to clock(s) clk
Related violations: <none>

TIMING-18#342 Warning
Missing input or output delay  
An input delay is missing on M0[407] relative to clock(s) clk
Related violations: <none>

TIMING-18#343 Warning
Missing input or output delay  
An input delay is missing on M0[408] relative to clock(s) clk
Related violations: <none>

TIMING-18#344 Warning
Missing input or output delay  
An input delay is missing on M0[409] relative to clock(s) clk
Related violations: <none>

TIMING-18#345 Warning
Missing input or output delay  
An input delay is missing on M0[40] relative to clock(s) clk
Related violations: <none>

TIMING-18#346 Warning
Missing input or output delay  
An input delay is missing on M0[410] relative to clock(s) clk
Related violations: <none>

TIMING-18#347 Warning
Missing input or output delay  
An input delay is missing on M0[411] relative to clock(s) clk
Related violations: <none>

TIMING-18#348 Warning
Missing input or output delay  
An input delay is missing on M0[412] relative to clock(s) clk
Related violations: <none>

TIMING-18#349 Warning
Missing input or output delay  
An input delay is missing on M0[413] relative to clock(s) clk
Related violations: <none>

TIMING-18#350 Warning
Missing input or output delay  
An input delay is missing on M0[414] relative to clock(s) clk
Related violations: <none>

TIMING-18#351 Warning
Missing input or output delay  
An input delay is missing on M0[415] relative to clock(s) clk
Related violations: <none>

TIMING-18#352 Warning
Missing input or output delay  
An input delay is missing on M0[416] relative to clock(s) clk
Related violations: <none>

TIMING-18#353 Warning
Missing input or output delay  
An input delay is missing on M0[417] relative to clock(s) clk
Related violations: <none>

TIMING-18#354 Warning
Missing input or output delay  
An input delay is missing on M0[418] relative to clock(s) clk
Related violations: <none>

TIMING-18#355 Warning
Missing input or output delay  
An input delay is missing on M0[419] relative to clock(s) clk
Related violations: <none>

TIMING-18#356 Warning
Missing input or output delay  
An input delay is missing on M0[41] relative to clock(s) clk
Related violations: <none>

TIMING-18#357 Warning
Missing input or output delay  
An input delay is missing on M0[420] relative to clock(s) clk
Related violations: <none>

TIMING-18#358 Warning
Missing input or output delay  
An input delay is missing on M0[421] relative to clock(s) clk
Related violations: <none>

TIMING-18#359 Warning
Missing input or output delay  
An input delay is missing on M0[422] relative to clock(s) clk
Related violations: <none>

TIMING-18#360 Warning
Missing input or output delay  
An input delay is missing on M0[423] relative to clock(s) clk
Related violations: <none>

TIMING-18#361 Warning
Missing input or output delay  
An input delay is missing on M0[424] relative to clock(s) clk
Related violations: <none>

TIMING-18#362 Warning
Missing input or output delay  
An input delay is missing on M0[425] relative to clock(s) clk
Related violations: <none>

TIMING-18#363 Warning
Missing input or output delay  
An input delay is missing on M0[426] relative to clock(s) clk
Related violations: <none>

TIMING-18#364 Warning
Missing input or output delay  
An input delay is missing on M0[427] relative to clock(s) clk
Related violations: <none>

TIMING-18#365 Warning
Missing input or output delay  
An input delay is missing on M0[428] relative to clock(s) clk
Related violations: <none>

TIMING-18#366 Warning
Missing input or output delay  
An input delay is missing on M0[429] relative to clock(s) clk
Related violations: <none>

TIMING-18#367 Warning
Missing input or output delay  
An input delay is missing on M0[42] relative to clock(s) clk
Related violations: <none>

TIMING-18#368 Warning
Missing input or output delay  
An input delay is missing on M0[430] relative to clock(s) clk
Related violations: <none>

TIMING-18#369 Warning
Missing input or output delay  
An input delay is missing on M0[431] relative to clock(s) clk
Related violations: <none>

TIMING-18#370 Warning
Missing input or output delay  
An input delay is missing on M0[432] relative to clock(s) clk
Related violations: <none>

TIMING-18#371 Warning
Missing input or output delay  
An input delay is missing on M0[433] relative to clock(s) clk
Related violations: <none>

TIMING-18#372 Warning
Missing input or output delay  
An input delay is missing on M0[434] relative to clock(s) clk
Related violations: <none>

TIMING-18#373 Warning
Missing input or output delay  
An input delay is missing on M0[435] relative to clock(s) clk
Related violations: <none>

TIMING-18#374 Warning
Missing input or output delay  
An input delay is missing on M0[436] relative to clock(s) clk
Related violations: <none>

TIMING-18#375 Warning
Missing input or output delay  
An input delay is missing on M0[437] relative to clock(s) clk
Related violations: <none>

TIMING-18#376 Warning
Missing input or output delay  
An input delay is missing on M0[438] relative to clock(s) clk
Related violations: <none>

TIMING-18#377 Warning
Missing input or output delay  
An input delay is missing on M0[439] relative to clock(s) clk
Related violations: <none>

TIMING-18#378 Warning
Missing input or output delay  
An input delay is missing on M0[43] relative to clock(s) clk
Related violations: <none>

TIMING-18#379 Warning
Missing input or output delay  
An input delay is missing on M0[440] relative to clock(s) clk
Related violations: <none>

TIMING-18#380 Warning
Missing input or output delay  
An input delay is missing on M0[441] relative to clock(s) clk
Related violations: <none>

TIMING-18#381 Warning
Missing input or output delay  
An input delay is missing on M0[442] relative to clock(s) clk
Related violations: <none>

TIMING-18#382 Warning
Missing input or output delay  
An input delay is missing on M0[443] relative to clock(s) clk
Related violations: <none>

TIMING-18#383 Warning
Missing input or output delay  
An input delay is missing on M0[444] relative to clock(s) clk
Related violations: <none>

TIMING-18#384 Warning
Missing input or output delay  
An input delay is missing on M0[445] relative to clock(s) clk
Related violations: <none>

TIMING-18#385 Warning
Missing input or output delay  
An input delay is missing on M0[446] relative to clock(s) clk
Related violations: <none>

TIMING-18#386 Warning
Missing input or output delay  
An input delay is missing on M0[447] relative to clock(s) clk
Related violations: <none>

TIMING-18#387 Warning
Missing input or output delay  
An input delay is missing on M0[448] relative to clock(s) clk
Related violations: <none>

TIMING-18#388 Warning
Missing input or output delay  
An input delay is missing on M0[449] relative to clock(s) clk
Related violations: <none>

TIMING-18#389 Warning
Missing input or output delay  
An input delay is missing on M0[44] relative to clock(s) clk
Related violations: <none>

TIMING-18#390 Warning
Missing input or output delay  
An input delay is missing on M0[450] relative to clock(s) clk
Related violations: <none>

TIMING-18#391 Warning
Missing input or output delay  
An input delay is missing on M0[451] relative to clock(s) clk
Related violations: <none>

TIMING-18#392 Warning
Missing input or output delay  
An input delay is missing on M0[452] relative to clock(s) clk
Related violations: <none>

TIMING-18#393 Warning
Missing input or output delay  
An input delay is missing on M0[453] relative to clock(s) clk
Related violations: <none>

TIMING-18#394 Warning
Missing input or output delay  
An input delay is missing on M0[454] relative to clock(s) clk
Related violations: <none>

TIMING-18#395 Warning
Missing input or output delay  
An input delay is missing on M0[455] relative to clock(s) clk
Related violations: <none>

TIMING-18#396 Warning
Missing input or output delay  
An input delay is missing on M0[456] relative to clock(s) clk
Related violations: <none>

TIMING-18#397 Warning
Missing input or output delay  
An input delay is missing on M0[457] relative to clock(s) clk
Related violations: <none>

TIMING-18#398 Warning
Missing input or output delay  
An input delay is missing on M0[458] relative to clock(s) clk
Related violations: <none>

TIMING-18#399 Warning
Missing input or output delay  
An input delay is missing on M0[459] relative to clock(s) clk
Related violations: <none>

TIMING-18#400 Warning
Missing input or output delay  
An input delay is missing on M0[45] relative to clock(s) clk
Related violations: <none>

TIMING-18#401 Warning
Missing input or output delay  
An input delay is missing on M0[460] relative to clock(s) clk
Related violations: <none>

TIMING-18#402 Warning
Missing input or output delay  
An input delay is missing on M0[461] relative to clock(s) clk
Related violations: <none>

TIMING-18#403 Warning
Missing input or output delay  
An input delay is missing on M0[462] relative to clock(s) clk
Related violations: <none>

TIMING-18#404 Warning
Missing input or output delay  
An input delay is missing on M0[463] relative to clock(s) clk
Related violations: <none>

TIMING-18#405 Warning
Missing input or output delay  
An input delay is missing on M0[464] relative to clock(s) clk
Related violations: <none>

TIMING-18#406 Warning
Missing input or output delay  
An input delay is missing on M0[465] relative to clock(s) clk
Related violations: <none>

TIMING-18#407 Warning
Missing input or output delay  
An input delay is missing on M0[466] relative to clock(s) clk
Related violations: <none>

TIMING-18#408 Warning
Missing input or output delay  
An input delay is missing on M0[467] relative to clock(s) clk
Related violations: <none>

TIMING-18#409 Warning
Missing input or output delay  
An input delay is missing on M0[468] relative to clock(s) clk
Related violations: <none>

TIMING-18#410 Warning
Missing input or output delay  
An input delay is missing on M0[469] relative to clock(s) clk
Related violations: <none>

TIMING-18#411 Warning
Missing input or output delay  
An input delay is missing on M0[46] relative to clock(s) clk
Related violations: <none>

TIMING-18#412 Warning
Missing input or output delay  
An input delay is missing on M0[470] relative to clock(s) clk
Related violations: <none>

TIMING-18#413 Warning
Missing input or output delay  
An input delay is missing on M0[471] relative to clock(s) clk
Related violations: <none>

TIMING-18#414 Warning
Missing input or output delay  
An input delay is missing on M0[472] relative to clock(s) clk
Related violations: <none>

TIMING-18#415 Warning
Missing input or output delay  
An input delay is missing on M0[473] relative to clock(s) clk
Related violations: <none>

TIMING-18#416 Warning
Missing input or output delay  
An input delay is missing on M0[474] relative to clock(s) clk
Related violations: <none>

TIMING-18#417 Warning
Missing input or output delay  
An input delay is missing on M0[475] relative to clock(s) clk
Related violations: <none>

TIMING-18#418 Warning
Missing input or output delay  
An input delay is missing on M0[476] relative to clock(s) clk
Related violations: <none>

TIMING-18#419 Warning
Missing input or output delay  
An input delay is missing on M0[477] relative to clock(s) clk
Related violations: <none>

TIMING-18#420 Warning
Missing input or output delay  
An input delay is missing on M0[478] relative to clock(s) clk
Related violations: <none>

TIMING-18#421 Warning
Missing input or output delay  
An input delay is missing on M0[479] relative to clock(s) clk
Related violations: <none>

TIMING-18#422 Warning
Missing input or output delay  
An input delay is missing on M0[47] relative to clock(s) clk
Related violations: <none>

TIMING-18#423 Warning
Missing input or output delay  
An input delay is missing on M0[480] relative to clock(s) clk
Related violations: <none>

TIMING-18#424 Warning
Missing input or output delay  
An input delay is missing on M0[481] relative to clock(s) clk
Related violations: <none>

TIMING-18#425 Warning
Missing input or output delay  
An input delay is missing on M0[482] relative to clock(s) clk
Related violations: <none>

TIMING-18#426 Warning
Missing input or output delay  
An input delay is missing on M0[483] relative to clock(s) clk
Related violations: <none>

TIMING-18#427 Warning
Missing input or output delay  
An input delay is missing on M0[484] relative to clock(s) clk
Related violations: <none>

TIMING-18#428 Warning
Missing input or output delay  
An input delay is missing on M0[485] relative to clock(s) clk
Related violations: <none>

TIMING-18#429 Warning
Missing input or output delay  
An input delay is missing on M0[486] relative to clock(s) clk
Related violations: <none>

TIMING-18#430 Warning
Missing input or output delay  
An input delay is missing on M0[487] relative to clock(s) clk
Related violations: <none>

TIMING-18#431 Warning
Missing input or output delay  
An input delay is missing on M0[488] relative to clock(s) clk
Related violations: <none>

TIMING-18#432 Warning
Missing input or output delay  
An input delay is missing on M0[489] relative to clock(s) clk
Related violations: <none>

TIMING-18#433 Warning
Missing input or output delay  
An input delay is missing on M0[48] relative to clock(s) clk
Related violations: <none>

TIMING-18#434 Warning
Missing input or output delay  
An input delay is missing on M0[490] relative to clock(s) clk
Related violations: <none>

TIMING-18#435 Warning
Missing input or output delay  
An input delay is missing on M0[491] relative to clock(s) clk
Related violations: <none>

TIMING-18#436 Warning
Missing input or output delay  
An input delay is missing on M0[492] relative to clock(s) clk
Related violations: <none>

TIMING-18#437 Warning
Missing input or output delay  
An input delay is missing on M0[493] relative to clock(s) clk
Related violations: <none>

TIMING-18#438 Warning
Missing input or output delay  
An input delay is missing on M0[494] relative to clock(s) clk
Related violations: <none>

TIMING-18#439 Warning
Missing input or output delay  
An input delay is missing on M0[495] relative to clock(s) clk
Related violations: <none>

TIMING-18#440 Warning
Missing input or output delay  
An input delay is missing on M0[496] relative to clock(s) clk
Related violations: <none>

TIMING-18#441 Warning
Missing input or output delay  
An input delay is missing on M0[497] relative to clock(s) clk
Related violations: <none>

TIMING-18#442 Warning
Missing input or output delay  
An input delay is missing on M0[498] relative to clock(s) clk
Related violations: <none>

TIMING-18#443 Warning
Missing input or output delay  
An input delay is missing on M0[499] relative to clock(s) clk
Related violations: <none>

TIMING-18#444 Warning
Missing input or output delay  
An input delay is missing on M0[49] relative to clock(s) clk
Related violations: <none>

TIMING-18#445 Warning
Missing input or output delay  
An input delay is missing on M0[4] relative to clock(s) clk
Related violations: <none>

TIMING-18#446 Warning
Missing input or output delay  
An input delay is missing on M0[500] relative to clock(s) clk
Related violations: <none>

TIMING-18#447 Warning
Missing input or output delay  
An input delay is missing on M0[501] relative to clock(s) clk
Related violations: <none>

TIMING-18#448 Warning
Missing input or output delay  
An input delay is missing on M0[502] relative to clock(s) clk
Related violations: <none>

TIMING-18#449 Warning
Missing input or output delay  
An input delay is missing on M0[503] relative to clock(s) clk
Related violations: <none>

TIMING-18#450 Warning
Missing input or output delay  
An input delay is missing on M0[504] relative to clock(s) clk
Related violations: <none>

TIMING-18#451 Warning
Missing input or output delay  
An input delay is missing on M0[505] relative to clock(s) clk
Related violations: <none>

TIMING-18#452 Warning
Missing input or output delay  
An input delay is missing on M0[506] relative to clock(s) clk
Related violations: <none>

TIMING-18#453 Warning
Missing input or output delay  
An input delay is missing on M0[507] relative to clock(s) clk
Related violations: <none>

TIMING-18#454 Warning
Missing input or output delay  
An input delay is missing on M0[508] relative to clock(s) clk
Related violations: <none>

TIMING-18#455 Warning
Missing input or output delay  
An input delay is missing on M0[509] relative to clock(s) clk
Related violations: <none>

TIMING-18#456 Warning
Missing input or output delay  
An input delay is missing on M0[50] relative to clock(s) clk
Related violations: <none>

TIMING-18#457 Warning
Missing input or output delay  
An input delay is missing on M0[510] relative to clock(s) clk
Related violations: <none>

TIMING-18#458 Warning
Missing input or output delay  
An input delay is missing on M0[511] relative to clock(s) clk
Related violations: <none>

TIMING-18#459 Warning
Missing input or output delay  
An input delay is missing on M0[51] relative to clock(s) clk
Related violations: <none>

TIMING-18#460 Warning
Missing input or output delay  
An input delay is missing on M0[52] relative to clock(s) clk
Related violations: <none>

TIMING-18#461 Warning
Missing input or output delay  
An input delay is missing on M0[53] relative to clock(s) clk
Related violations: <none>

TIMING-18#462 Warning
Missing input or output delay  
An input delay is missing on M0[54] relative to clock(s) clk
Related violations: <none>

TIMING-18#463 Warning
Missing input or output delay  
An input delay is missing on M0[55] relative to clock(s) clk
Related violations: <none>

TIMING-18#464 Warning
Missing input or output delay  
An input delay is missing on M0[56] relative to clock(s) clk
Related violations: <none>

TIMING-18#465 Warning
Missing input or output delay  
An input delay is missing on M0[57] relative to clock(s) clk
Related violations: <none>

TIMING-18#466 Warning
Missing input or output delay  
An input delay is missing on M0[58] relative to clock(s) clk
Related violations: <none>

TIMING-18#467 Warning
Missing input or output delay  
An input delay is missing on M0[59] relative to clock(s) clk
Related violations: <none>

TIMING-18#468 Warning
Missing input or output delay  
An input delay is missing on M0[5] relative to clock(s) clk
Related violations: <none>

TIMING-18#469 Warning
Missing input or output delay  
An input delay is missing on M0[60] relative to clock(s) clk
Related violations: <none>

TIMING-18#470 Warning
Missing input or output delay  
An input delay is missing on M0[61] relative to clock(s) clk
Related violations: <none>

TIMING-18#471 Warning
Missing input or output delay  
An input delay is missing on M0[62] relative to clock(s) clk
Related violations: <none>

TIMING-18#472 Warning
Missing input or output delay  
An input delay is missing on M0[63] relative to clock(s) clk
Related violations: <none>

TIMING-18#473 Warning
Missing input or output delay  
An input delay is missing on M0[64] relative to clock(s) clk
Related violations: <none>

TIMING-18#474 Warning
Missing input or output delay  
An input delay is missing on M0[65] relative to clock(s) clk
Related violations: <none>

TIMING-18#475 Warning
Missing input or output delay  
An input delay is missing on M0[66] relative to clock(s) clk
Related violations: <none>

TIMING-18#476 Warning
Missing input or output delay  
An input delay is missing on M0[67] relative to clock(s) clk
Related violations: <none>

TIMING-18#477 Warning
Missing input or output delay  
An input delay is missing on M0[68] relative to clock(s) clk
Related violations: <none>

TIMING-18#478 Warning
Missing input or output delay  
An input delay is missing on M0[69] relative to clock(s) clk
Related violations: <none>

TIMING-18#479 Warning
Missing input or output delay  
An input delay is missing on M0[6] relative to clock(s) clk
Related violations: <none>

TIMING-18#480 Warning
Missing input or output delay  
An input delay is missing on M0[70] relative to clock(s) clk
Related violations: <none>

TIMING-18#481 Warning
Missing input or output delay  
An input delay is missing on M0[71] relative to clock(s) clk
Related violations: <none>

TIMING-18#482 Warning
Missing input or output delay  
An input delay is missing on M0[72] relative to clock(s) clk
Related violations: <none>

TIMING-18#483 Warning
Missing input or output delay  
An input delay is missing on M0[73] relative to clock(s) clk
Related violations: <none>

TIMING-18#484 Warning
Missing input or output delay  
An input delay is missing on M0[74] relative to clock(s) clk
Related violations: <none>

TIMING-18#485 Warning
Missing input or output delay  
An input delay is missing on M0[75] relative to clock(s) clk
Related violations: <none>

TIMING-18#486 Warning
Missing input or output delay  
An input delay is missing on M0[76] relative to clock(s) clk
Related violations: <none>

TIMING-18#487 Warning
Missing input or output delay  
An input delay is missing on M0[77] relative to clock(s) clk
Related violations: <none>

TIMING-18#488 Warning
Missing input or output delay  
An input delay is missing on M0[78] relative to clock(s) clk
Related violations: <none>

TIMING-18#489 Warning
Missing input or output delay  
An input delay is missing on M0[79] relative to clock(s) clk
Related violations: <none>

TIMING-18#490 Warning
Missing input or output delay  
An input delay is missing on M0[7] relative to clock(s) clk
Related violations: <none>

TIMING-18#491 Warning
Missing input or output delay  
An input delay is missing on M0[80] relative to clock(s) clk
Related violations: <none>

TIMING-18#492 Warning
Missing input or output delay  
An input delay is missing on M0[81] relative to clock(s) clk
Related violations: <none>

TIMING-18#493 Warning
Missing input or output delay  
An input delay is missing on M0[82] relative to clock(s) clk
Related violations: <none>

TIMING-18#494 Warning
Missing input or output delay  
An input delay is missing on M0[83] relative to clock(s) clk
Related violations: <none>

TIMING-18#495 Warning
Missing input or output delay  
An input delay is missing on M0[84] relative to clock(s) clk
Related violations: <none>

TIMING-18#496 Warning
Missing input or output delay  
An input delay is missing on M0[85] relative to clock(s) clk
Related violations: <none>

TIMING-18#497 Warning
Missing input or output delay  
An input delay is missing on M0[86] relative to clock(s) clk
Related violations: <none>

TIMING-18#498 Warning
Missing input or output delay  
An input delay is missing on M0[87] relative to clock(s) clk
Related violations: <none>

TIMING-18#499 Warning
Missing input or output delay  
An input delay is missing on M0[88] relative to clock(s) clk
Related violations: <none>

TIMING-18#500 Warning
Missing input or output delay  
An input delay is missing on M0[89] relative to clock(s) clk
Related violations: <none>

TIMING-18#501 Warning
Missing input or output delay  
An input delay is missing on M0[8] relative to clock(s) clk
Related violations: <none>

TIMING-18#502 Warning
Missing input or output delay  
An input delay is missing on M0[90] relative to clock(s) clk
Related violations: <none>

TIMING-18#503 Warning
Missing input or output delay  
An input delay is missing on M0[91] relative to clock(s) clk
Related violations: <none>

TIMING-18#504 Warning
Missing input or output delay  
An input delay is missing on M0[92] relative to clock(s) clk
Related violations: <none>

TIMING-18#505 Warning
Missing input or output delay  
An input delay is missing on M0[93] relative to clock(s) clk
Related violations: <none>

TIMING-18#506 Warning
Missing input or output delay  
An input delay is missing on M0[94] relative to clock(s) clk
Related violations: <none>

TIMING-18#507 Warning
Missing input or output delay  
An input delay is missing on M0[95] relative to clock(s) clk
Related violations: <none>

TIMING-18#508 Warning
Missing input or output delay  
An input delay is missing on M0[96] relative to clock(s) clk
Related violations: <none>

TIMING-18#509 Warning
Missing input or output delay  
An input delay is missing on M0[97] relative to clock(s) clk
Related violations: <none>

TIMING-18#510 Warning
Missing input or output delay  
An input delay is missing on M0[98] relative to clock(s) clk
Related violations: <none>

TIMING-18#511 Warning
Missing input or output delay  
An input delay is missing on M0[99] relative to clock(s) clk
Related violations: <none>

TIMING-18#512 Warning
Missing input or output delay  
An input delay is missing on M0[9] relative to clock(s) clk
Related violations: <none>

TIMING-18#513 Warning
Missing input or output delay  
An input delay is missing on rst relative to clock(s) clk
Related violations: <none>

TIMING-18#514 Warning
Missing input or output delay  
An output delay is missing on M4[0] relative to clock(s) clk
Related violations: <none>

TIMING-18#515 Warning
Missing input or output delay  
An output delay is missing on M4[10] relative to clock(s) clk
Related violations: <none>

TIMING-18#516 Warning
Missing input or output delay  
An output delay is missing on M4[11] relative to clock(s) clk
Related violations: <none>

TIMING-18#517 Warning
Missing input or output delay  
An output delay is missing on M4[1] relative to clock(s) clk
Related violations: <none>

TIMING-18#518 Warning
Missing input or output delay  
An output delay is missing on M4[2] relative to clock(s) clk
Related violations: <none>

TIMING-18#519 Warning
Missing input or output delay  
An output delay is missing on M4[3] relative to clock(s) clk
Related violations: <none>

TIMING-18#520 Warning
Missing input or output delay  
An output delay is missing on M4[4] relative to clock(s) clk
Related violations: <none>

TIMING-18#521 Warning
Missing input or output delay  
An output delay is missing on M4[5] relative to clock(s) clk
Related violations: <none>

TIMING-18#522 Warning
Missing input or output delay  
An output delay is missing on M4[6] relative to clock(s) clk
Related violations: <none>

TIMING-18#523 Warning
Missing input or output delay  
An output delay is missing on M4[7] relative to clock(s) clk
Related violations: <none>

TIMING-18#524 Warning
Missing input or output delay  
An output delay is missing on M4[8] relative to clock(s) clk
Related violations: <none>

TIMING-18#525 Warning
Missing input or output delay  
An output delay is missing on M4[9] relative to clock(s) clk
Related violations: <none>


