Copyright 1986-2021 Xilinx, Inc. All Rights Reserved.
----------------------------------------------------------------------------------------------------------------------------------------------
| Tool Version     : Vivado v.2021.2 (lin64) Build 3367213 Tue Oct 19 02:47:39 MDT 2021
| Date             : Mon Apr 22 21:57:28 2024
| Host             : 7ca2124810b8 running 64-bit unknown
| Command          : report_power -file logicnet_power_routed.rpt -pb logicnet_power_summary_routed.pb -rpx logicnet_power_routed.rpx
| Design           : logicnet
| Device           : xcu280-fsvh2892-2L-e
| Design State     : routed
| Grade            : extended
| Process          : typical
| Characterization : Production
----------------------------------------------------------------------------------------------------------------------------------------------

Power Report

Table of Contents
-----------------
1. Summary
1.1 On-Chip Components
1.2 Power Supply Summary
1.3 Confidence Level
2. Settings
2.1 Environment
2.2 Clock Constraints
3. Detailed Reports
3.1 By Hierarchy

1. Summary
----------

+--------------------------+--------------+
| Total On-Chip Power (W)  | 3.737        |
|   FPGA Power (W)         | 3.496        |
|   HBM Power (W)          | 0.241        |
| Design Power Budget (W)  | Unspecified* |
| Power Budget Margin (W)  | NA           |
| Dynamic (W)              | 0.597        |
| Device Static (W)        | 3.140        |
| Effective TJA (C/W)      | 0.4          |
| Max Ambient (C)          | 98.4         |
| Junction Temperature (C) | 26.6         |
| Confidence Level         | Medium       |
| Setting File             | ---          |
| Simulation Activity File | ---          |
| Design Nets Matched      | NA           |
+--------------------------+--------------+
* Specify Design Power Budget using, set_operating_conditions -design_power_budget <value in Watts>


1.1 On-Chip Components
----------------------

+----------------+-----------+----------+-----------+-----------------+
| On-Chip        | Power (W) | Used     | Available | Utilization (%) |
+----------------+-----------+----------+-----------+-----------------+
| Clocks         |     0.122 |        3 |       --- |             --- |
| CLB Logic      |     0.257 |     8732 |       --- |             --- |
|   LUT as Logic |     0.248 |     5940 |   1303680 |            0.46 |
|   Register     |     0.008 |     2117 |   2607360 |            0.08 |
|   Others       |     0.000 |        4 |       --- |             --- |
|   F7/F8 Muxes  |     0.000 |      638 |   1303680 |            0.05 |
| Signals        |     0.218 |     6384 |       --- |             --- |
| Static Power   |     3.140 |          |           |                 |
| Total          |     3.737 |          |           |                 |
+----------------+-----------+----------+-----------+-----------------+


1.2 Power Supply Summary
------------------------

+------------+-------------+-----------+-------------+------------+-------------+-------------+------------+
| Source     | Voltage (V) | Total (A) | Dynamic (A) | Static (A) | Powerup (A) | Budget (A)  | Margin (A) |
+------------+-------------+-----------+-------------+------------+-------------+-------------+------------+
| Vccint     |       0.850 |     1.977 |       0.702 |      1.275 |       NA    | Unspecified | NA         |
| Vccint_io  |       0.850 |     0.238 |       0.000 |      0.238 |       NA    | Unspecified | NA         |
| Vccbram    |       0.850 |     0.030 |       0.000 |      0.030 |       NA    | Unspecified | NA         |
| Vccaux     |       1.800 |     0.821 |       0.000 |      0.821 |       NA    | Unspecified | NA         |
| Vccaux_io  |       1.800 |     0.035 |       0.000 |      0.035 |       NA    | Unspecified | NA         |
| Vcco33     |       3.300 |     0.000 |       0.000 |      0.000 |       NA    | Unspecified | NA         |
| Vcco25     |       2.500 |     0.000 |       0.000 |      0.000 |       NA    | Unspecified | NA         |
| Vcco18     |       1.800 |     0.000 |       0.000 |      0.000 |       NA    | Unspecified | NA         |
| Vcco15     |       1.500 |     0.000 |       0.000 |      0.000 |       NA    | Unspecified | NA         |
| Vcco135    |       1.350 |     0.000 |       0.000 |      0.000 |       NA    | Unspecified | NA         |
| Vcco12     |       1.200 |     0.000 |       0.000 |      0.000 |       NA    | Unspecified | NA         |
| Vcco10     |       1.000 |     0.000 |       0.000 |      0.000 |       NA    | Unspecified | NA         |
| Vccadc     |       1.800 |     0.024 |       0.000 |      0.024 |       NA    | Unspecified | NA         |
| VCC_IO_HBM |       1.200 |     0.082 |       0.000 |      0.082 |       NA    | Unspecified | NA         |
| VCC_HBM    |       1.200 |     0.076 |       0.000 |      0.076 |       NA    | Unspecified | NA         |
| VCCAUX_HBM |       2.500 |     0.022 |       0.000 |      0.022 |       NA    | Unspecified | NA         |
| MGTYAVcc   |       0.900 |     0.000 |       0.000 |      0.000 |       NA    | Unspecified | NA         |
| MGTYAVtt   |       1.200 |     0.000 |       0.000 |      0.000 |       NA    | Unspecified | NA         |
| MGTYVccaux |       1.800 |     0.000 |       0.000 |      0.000 |       NA    | Unspecified | NA         |
+------------+-------------+-----------+-------------+------------+-------------+-------------+------------+


1.3 Confidence Level
--------------------

+-----------------------------+------------+------------------------------------------------+------------------------------------------------------------------------------------------------------------+
| User Input Data             | Confidence | Details                                        | Action                                                                                                     |
+-----------------------------+------------+------------------------------------------------+------------------------------------------------------------------------------------------------------------+
| Design implementation state | High       | Design is routed                               |                                                                                                            |
| Clock nodes activity        | High       | User specified more than 95% of clocks         |                                                                                                            |
| I/O nodes activity          | High       | User specified more than 95% of inputs         |                                                                                                            |
| Internal nodes activity     | Medium     | User specified less than 25% of internal nodes | Provide missing internal nodes activity with simulation results or by editing the "By Resource Type" views |
| Device models               | High       | Device models are Production                   |                                                                                                            |
|                             |            |                                                |                                                                                                            |
| Overall confidence level    | Medium     |                                                |                                                                                                            |
+-----------------------------+------------+------------------------------------------------+------------------------------------------------------------------------------------------------------------+


2. Settings
-----------

2.1 Environment
---------------

+-----------------------+--------------------------+
| Ambient Temp (C)      | 25.0                     |
| ThetaJA (C/W)         | 0.4                      |
| Airflow (LFM)         | 250                      |
| Heat Sink             | medium (Medium Profile)  |
| ThetaSA (C/W)         | 0.5                      |
| Board Selection       | medium (10"x10")         |
| # of Board Layers     | 12to15 (12 to 15 Layers) |
| Board Temperature (C) | 25.0                     |
+-----------------------+--------------------------+


2.2 Clock Constraints
---------------------

+-------+--------+-----------------+
| Clock | Domain | Constraint (ns) |
+-------+--------+-----------------+
| clk   | clk    |             1.0 |
+-------+--------+-----------------+


3. Detailed Reports
-------------------

3.1 By Hierarchy
----------------

+---------------------+-----------+
| Name                | Power (W) |
+---------------------+-----------+
| logicnet            |     0.597 |
|   layer0_reg        |     0.109 |
|   layer1_inst       |     0.113 |
|     layer1_N0_inst  |     0.006 |
|     layer1_N12_inst |     0.003 |
|     layer1_N23_inst |     0.004 |
|     layer1_N25_inst |     0.003 |
|     layer1_N30_inst |     0.002 |
|     layer1_N32_inst |     0.005 |
|     layer1_N34_inst |     0.002 |
|     layer1_N35_inst |     0.002 |
|     layer1_N37_inst |     0.002 |
|     layer1_N39_inst |     0.001 |
|     layer1_N40_inst |     0.004 |
|     layer1_N44_inst |     0.001 |
|     layer1_N45_inst |     0.002 |
|     layer1_N46_inst |     0.004 |
|     layer1_N47_inst |     0.001 |
|     layer1_N4_inst  |     0.003 |
|     layer1_N51_inst |     0.002 |
|     layer1_N52_inst |     0.001 |
|     layer1_N55_inst |     0.003 |
|     layer1_N57_inst |     0.003 |
|     layer1_N60_inst |     0.003 |
|     layer1_N62_inst |     0.003 |
|     layer1_N63_inst |     0.004 |
|     layer1_N65_inst |     0.006 |
|     layer1_N67_inst |     0.003 |
|     layer1_N68_inst |     0.002 |
|     layer1_N6_inst  |     0.002 |
|     layer1_N70_inst |     0.005 |
|     layer1_N72_inst |     0.003 |
|     layer1_N74_inst |     0.002 |
|     layer1_N75_inst |     0.003 |
|     layer1_N76_inst |     0.001 |
|     layer1_N78_inst |     0.002 |
|     layer1_N7_inst  |     0.002 |
|     layer1_N82_inst |     0.004 |
|     layer1_N83_inst |     0.003 |
|     layer1_N8_inst  |     0.002 |
|     layer1_N9_inst  |     0.003 |
|   layer1_reg        |     0.105 |
|   layer2_inst       |     0.065 |
|     layer2_N0_inst  |     0.007 |
|     layer2_N10_inst |     0.006 |
|     layer2_N12_inst |     0.006 |
|     layer2_N13_inst |     0.003 |
|     layer2_N14_inst |     0.001 |
|     layer2_N1_inst  |     0.006 |
|     layer2_N2_inst  |     0.002 |
|     layer2_N3_inst  |     0.004 |
|     layer2_N4_inst  |     0.005 |
|     layer2_N5_inst  |     0.003 |
|     layer2_N6_inst  |     0.001 |
|     layer2_N7_inst  |     0.008 |
|     layer2_N8_inst  |     0.008 |
|     layer2_N9_inst  |     0.005 |
|   layer2_reg        |     0.062 |
|   layer3_inst       |     0.105 |
|     layer3_N0_inst  |     0.038 |
|     layer3_N1_inst  |     0.009 |
|     layer3_N2_inst  |     0.023 |
|     layer3_N3_inst  |     0.024 |
|     layer3_N4_inst  |     0.005 |
|     layer3_N5_inst  |     0.005 |
|   layer3_reg        |     0.037 |
+---------------------+-----------+


